<?xml version="1.0" encoding="UTF-8"?>
<!-- Generated by org.testng.reporters.JUnitReportReporter -->
<testsuite skipped="0" hostname="Maxs-MBP.fios-router.home" name="com.romanceabroad.ui.Tours" tests="1" failures="0" timestamp="02 Jun 2019 22:00:24 GMT" time="35.422" errors="0">
  <testcase name="testTabTours" time="35.422" classname="com.romanceabroad.ui.Tours"/>
</testsuite> <!-- com.romanceabroad.ui.Tours -->
