<?xml version="1.0" encoding="UTF-8"?>
<!-- Generated by org.testng.reporters.JUnitReportReporter -->
<testsuite skipped="0" hostname="Maxs-MBP.fios-router.home" name="com.romanceabroad.ui.Tours" tests="2" failures="0" timestamp="29 May 2019 12:18:58 GMT" time="64.096" errors="0">
  <testcase name="testTabTours" time="34.957" classname="com.romanceabroad.ui.Tours"/>
  <testcase name="testTabTours" time="29.139" classname="com.romanceabroad.ui.Tours"/>
</testsuite> <!-- com.romanceabroad.ui.Tours -->
